Spa 13, 2015 6:18:12 PM com.turn.ttorrent.common.Torrent - <init>
INFO: Single-file torrent information:

Spa 13, 2015 6:18:12 PM com.turn.ttorrent.common.Torrent - <init>
INFO:   Torrent name: honcho-api.jar

Spa 13, 2015 6:18:12 PM com.turn.ttorrent.common.Torrent - <init>
INFO:   Announced at:

Spa 13, 2015 6:18:12 PM com.turn.ttorrent.common.Torrent - <init>
INFO:      1. http://server.codebrig.com:58870/announce

Spa 13, 2015 6:18:12 PM com.turn.ttorrent.common.Torrent - <init>
INFO:   Created on..: Sat Aug 22 20:30:04 EEST 2015

Spa 13, 2015 6:18:12 PM com.turn.ttorrent.common.Torrent - <init>
INFO:   Created by..: Honcho

Spa 13, 2015 6:18:12 PM com.turn.ttorrent.common.Torrent - <init>
INFO:   Pieces......: 7 piece(s) (524288 byte(s)/piece)

Spa 13, 2015 6:18:12 PM com.turn.ttorrent.common.Torrent - <init>
INFO:   Total size..: 3 345 102 byte(s)

Spa 13, 2015 6:18:12 PM com.turn.ttorrent.client.storage.FileStorage - <init>
INFO: Initialized byte storage file at C:UsersVamzdisDocumentsGitHubJavaPlayA-2libhoncho-api.jar (0+3345102 byte(s)).

Spa 13, 2015 6:18:12 PM com.turn.ttorrent.client.storage.FileCollectionStorage - <init>
INFO: Initialized torrent byte storage on 1 file(s) (3345102 total byte(s)).

Spa 13, 2015 6:18:12 PM com.turn.ttorrent.client.announce.Announce - <init>
INFO: Initialized announce sub-system with 1 trackers on honcho-api.jar.

Spa 13, 2015 6:18:12 PM com.turn.ttorrent.client.P2PClient - <init>
INFO: BitTorrent client [H001-cHXKCS6OuTM3k8r] for honcho-api.jar started and listening at 78.56.150.235:0...

Spa 13, 2015 6:18:12 PM com.turn.ttorrent.common.Torrent - <init>
INFO: Single-file torrent information:

Spa 13, 2015 6:18:12 PM com.turn.ttorrent.client.SharedTorrent - init
INFO: Analyzing local data for honcho-api.jar with 4 threads (7 pieces)...

Spa 13, 2015 6:18:12 PM com.turn.ttorrent.common.Torrent - <init>
INFO:   Torrent name: honcho-api.jar

Spa 13, 2015 6:18:12 PM com.turn.ttorrent.common.Torrent - <init>
INFO:   Announced at:

Spa 13, 2015 6:18:12 PM com.turn.ttorrent.client.SharedTorrent - init
INFO:   ... 10% complete

Spa 13, 2015 6:18:12 PM com.turn.ttorrent.common.Torrent - <init>
INFO:      1. http://server.codebrig.com:58870/announce

Spa 13, 2015 6:18:12 PM com.turn.ttorrent.client.SharedTorrent - init
INFO:   ... 20% complete

Spa 13, 2015 6:18:12 PM com.turn.ttorrent.common.Torrent - <init>
INFO:   Created on..: Sat Aug 22 20:30:04 EEST 2015

Spa 13, 2015 6:18:12 PM com.turn.ttorrent.common.Torrent - <init>
INFO:   Created by..: Honcho

Spa 13, 2015 6:18:12 PM com.turn.ttorrent.common.Torrent - <init>
INFO:   Pieces......: 7 piece(s) (524288 byte(s)/piece)

Spa 13, 2015 6:18:12 PM com.turn.ttorrent.common.Torrent - <init>
INFO:   Total size..: 3 345 102 byte(s)

Spa 13, 2015 6:18:12 PM com.turn.ttorrent.client.Piece - validate
FINEST: Skipping validation of piece#   0- (seeder mode).

Spa 13, 2015 6:18:12 PM com.turn.ttorrent.client.Piece - validate
FINEST: Skipping validation of piece#   1- (seeder mode).

Spa 13, 2015 6:18:12 PM com.turn.ttorrent.client.Piece - validate
FINEST: Skipping validation of piece#   3- (seeder mode).

Spa 13, 2015 6:18:12 PM com.turn.ttorrent.client.Piece - validate
FINEST: Skipping validation of piece#   2- (seeder mode).

Spa 13, 2015 6:18:12 PM com.turn.ttorrent.client.SharedTorrent - init
INFO:   ... 30% complete

Spa 13, 2015 6:18:12 PM com.turn.ttorrent.client.SharedTorrent - init
INFO:   ... 40% complete

Spa 13, 2015 6:18:12 PM com.turn.ttorrent.client.SharedTorrent - init
INFO:   ... 50% complete

Spa 13, 2015 6:18:12 PM com.turn.ttorrent.client.SharedTorrent - init
INFO:   ... 60% complete

Spa 13, 2015 6:18:12 PM com.turn.ttorrent.client.Piece - validate
FINEST: Skipping validation of piece#   5- (seeder mode).

Spa 13, 2015 6:18:12 PM com.turn.ttorrent.client.Piece - validate
FINEST: Skipping validation of piece#   6- (seeder mode).

Spa 13, 2015 6:18:12 PM com.turn.ttorrent.client.Piece - validate
FINEST: Skipping validation of piece#   4- (seeder mode).

Spa 13, 2015 6:18:12 PM com.turn.ttorrent.client.storage.FileStorage - <init>
INFO: Initialized byte storage file at C:UsersVamzdisDocumentsGitHubJavaPlayA-2libhoncho-api.jar (0+3345102 byte(s)).

Spa 13, 2015 6:18:12 PM com.turn.ttorrent.client.storage.FileCollectionStorage - <init>
INFO: Initialized torrent byte storage on 1 file(s) (3345102 total byte(s)).

Spa 13, 2015 6:18:12 PM com.turn.ttorrent.client.announce.Announce - <init>
INFO: Initialized announce sub-system with 1 trackers on honcho-api.jar.

Spa 13, 2015 6:18:12 PM com.turn.ttorrent.client.P2PClient - <init>
INFO: BitTorrent client [H001-cHXKCS6OuTM3k8r] for honcho-api.jar started and listening at 78.56.150.235:0...

Spa 13, 2015 6:18:12 PM com.turn.ttorrent.client.SharedTorrent - init
INFO: Analyzing local data for honcho-api.jar with 4 threads (7 pieces)...

Spa 13, 2015 6:18:12 PM com.turn.ttorrent.client.SharedTorrent - init
INFO:   ... 10% complete

Spa 13, 2015 6:18:12 PM com.turn.ttorrent.client.Piece - validate
FINEST: Skipping validation of piece#   1- (seeder mode).

Spa 13, 2015 6:18:12 PM com.turn.ttorrent.client.Piece - validate
FINEST: Skipping validation of piece#   0- (seeder mode).

Spa 13, 2015 6:18:12 PM com.turn.ttorrent.client.SharedTorrent - init
INFO:   ... 20% complete

Spa 13, 2015 6:18:12 PM com.turn.ttorrent.client.Piece - validate
FINEST: Skipping validation of piece#   2- (seeder mode).

Spa 13, 2015 6:18:12 PM com.turn.ttorrent.client.Piece - validate
FINEST: Skipping validation of piece#   3- (seeder mode).

Spa 13, 2015 6:18:12 PM com.turn.ttorrent.client.SharedTorrent - init
INFO:   ... 30% complete

Spa 13, 2015 6:18:12 PM com.turn.ttorrent.client.SharedTorrent - init
FINEST: honcho-api.jar: we have 3345102/3345102 bytes (100,0%) [7/7 pieces].

Spa 13, 2015 6:18:12 PM com.turn.ttorrent.client.SharedTorrent - init
INFO:   ... 40% complete

Spa 13, 2015 6:18:12 PM com.turn.ttorrent.client.P2PClient - seed
INFO: Download of 7 pieces completed.

Spa 13, 2015 6:18:12 PM com.turn.ttorrent.client.Piece - validate
FINEST: Skipping validation of piece#   4- (seeder mode).

Spa 13, 2015 6:18:12 PM com.turn.ttorrent.client.Piece - validate
FINEST: Skipping validation of piece#   5- (seeder mode).

Spa 13, 2015 6:18:12 PM com.turn.ttorrent.client.SharedTorrent - init
INFO:   ... 50% complete

Spa 13, 2015 6:18:12 PM com.turn.ttorrent.client.P2PClient - seed
INFO: Seeding indefinetely...

Spa 13, 2015 6:18:12 PM com.turn.ttorrent.client.Piece - validate
FINEST: Skipping validation of piece#   6- (seeder mode).

Spa 13, 2015 6:18:12 PM com.turn.ttorrent.client.SharedTorrent - init
INFO:   ... 60% complete

Spa 13, 2015 6:18:12 PM com.turn.ttorrent.client.announce.Announce - run
INFO: Starting announce loop...

Spa 13, 2015 6:18:12 PM com.turn.ttorrent.client.P2PClient - info
INFO: SEEDING 7/7 pieces (100,00%) [0/0] with 0/0 peers at 0,00/0,00 kB/s.

Spa 13, 2015 6:18:12 PM com.turn.ttorrent.client.SharedTorrent - init
FINEST: honcho-api.jar: we have 3345102/3345102 bytes (100,0%) [7/7 pieces].

Spa 13, 2015 6:18:12 PM com.turn.ttorrent.client.P2PClient - seed
INFO: Download of 7 pieces completed.

Spa 13, 2015 6:18:12 PM com.turn.ttorrent.client.P2PClient - seed
INFO: Seeding indefinetely...

Spa 13, 2015 6:18:12 PM com.turn.ttorrent.client.P2PClient - info
INFO: SEEDING 7/7 pieces (100,00%) [0/0] with 0/0 peers at 0,00/0,00 kB/s.

Spa 13, 2015 6:18:12 PM com.turn.ttorrent.client.announce.Announce - run
INFO: Starting announce loop...

Spa 13, 2015 6:18:15 PM com.turn.ttorrent.client.announce.Announce - setInterval
INFO: Setting announce interval to 10s per tracker request.

Spa 13, 2015 6:18:15 PM com.turn.ttorrent.client.P2PClient - info
INFO: SEEDING 7/7 pieces (100,00%) [0/0] with 0/0 peers at 0,00/0,00 kB/s.

Spa 13, 2015 6:18:15 PM com.turn.ttorrent.client.P2PClient - info
INFO: SEEDING 7/7 pieces (100,00%) [0/0] with 0/0 peers at 0,00/0,00 kB/s.

Spa 13, 2015 6:18:15 PM com.turn.ttorrent.client.announce.Announce - setInterval
INFO: Setting announce interval to 10s per tracker request.

Spa 13, 2015 6:18:18 PM com.turn.ttorrent.client.P2PClient - info
INFO: SEEDING 7/7 pieces (100,00%) [0/0] with 0/0 peers at 0,00/0,00 kB/s.

Spa 13, 2015 6:18:18 PM com.turn.ttorrent.client.P2PClient - info
INFO: SEEDING 7/7 pieces (100,00%) [0/0] with 0/0 peers at 0,00/0,00 kB/s.

Spa 13, 2015 6:18:21 PM com.turn.ttorrent.client.P2PClient - info
INFO: SEEDING 7/7 pieces (100,00%) [0/0] with 0/0 peers at 0,00/0,00 kB/s.

Spa 13, 2015 6:18:21 PM com.turn.ttorrent.client.P2PClient - info
INFO: SEEDING 7/7 pieces (100,00%) [0/0] with 0/0 peers at 0,00/0,00 kB/s.

Spa 13, 2015 6:18:24 PM com.turn.ttorrent.client.P2PClient - info
INFO: SEEDING 7/7 pieces (100,00%) [0/0] with 0/0 peers at 0,00/0,00 kB/s.

Spa 13, 2015 6:18:24 PM com.turn.ttorrent.client.P2PClient - info
INFO: SEEDING 7/7 pieces (100,00%) [0/0] with 0/0 peers at 0,00/0,00 kB/s.

Spa 13, 2015 6:18:27 PM com.turn.ttorrent.client.P2PClient - info
INFO: SEEDING 7/7 pieces (100,00%) [0/0] with 0/0 peers at 0,00/0,00 kB/s.

Spa 13, 2015 6:18:27 PM com.turn.ttorrent.client.P2PClient - info
INFO: SEEDING 7/7 pieces (100,00%) [0/0] with 0/0 peers at 0,00/0,00 kB/s.

Spa 13, 2015 6:18:30 PM com.turn.ttorrent.client.P2PClient - info
INFO: SEEDING 7/7 pieces (100,00%) [0/0] with 0/0 peers at 0,00/0,00 kB/s.

Spa 13, 2015 6:18:30 PM com.turn.ttorrent.client.P2PClient - info
INFO: SEEDING 7/7 pieces (100,00%) [0/0] with 0/0 peers at 0,00/0,00 kB/s.

Spa 13, 2015 6:18:33 PM com.turn.ttorrent.client.P2PClient - info
INFO: SEEDING 7/7 pieces (100,00%) [0/0] with 0/0 peers at 0,00/0,00 kB/s.

Spa 13, 2015 6:18:33 PM com.turn.ttorrent.client.P2PClient - info
INFO: SEEDING 7/7 pieces (100,00%) [0/0] with 0/0 peers at 0,00/0,00 kB/s.

